Sun Nov  7 20:58:42 GMT 2021
test
test
test
test
test
test
test
test
Processing test number 7 in process 7
Processing test number 2 in process 2
Processing test number 8 in process 0
Read Pattern number 7
Text length = 10000000
Read Pattern number 2
Pattern length = 1000
Text length = 10000000
Pattern length = 1000
Processing test number 4 in process 4
Read Pattern number 8
Text length = 10000000
Pattern length = 1000
Pattern found at position 1000
Pattern found at position 0
# comparisons = 1000
# comparisons = 501500
Read Pattern number 4
Text length = 10000000
Pattern length = 1000
Pattern found at position 3000
# comparisons = 1502500
Processing test number 1 in process 1
Read Pattern number 1
Text length = 10000000
Pattern length = 1000
Processing test number 3 in process 3
Read Pattern number 3
Text length = 10000000
Pattern length = 1000
Processing test number 5 in process 5
Read Pattern number 5
Text length = 10000000
Pattern length = 1000
Processing test number 6 in process 6
Read Pattern number 6
Text length = 10000000
Pattern length = 1000
Pattern found at position 2000
# comparisons = 1002000
Pattern found at position 9999000
# comparisons = 9995504500
Pattern found at position 9998000
# comparisons = 9995004000
Pattern found at position 9997000
# comparisons = 9994503500
Pattern found at position 9996000
# comparisons = 9994003000
Minimum search time: 9.269457 Maximum search time: 9.270437 Average search time: 9.269926

real	0m9.722s
user	0m9.299s
sys	0m0.102s
Sun Nov  7 20:58:51 GMT 2021
